<?xml version="1.0" encoding="UTF-8"?>
<!-- Generated by org.testng.reporters.JUnitReportReporter -->
<testsuite hostname="Swetha" failures="0" tests="3" name="test.CreateUserTest" time="177.489" errors="0" timestamp="2023-04-05T12:48:09 IST" skipped="0">
  <testcase classname="test.CreateUserTest" name="createUser" time="79.970"/>
  <system-out/>
  <testcase classname="test.CreateUserTest" name="createUser" time="52.001"/>
  <system-out/>
  <testcase classname="test.CreateUserTest" name="createUser" time="45.518"/>
  <system-out/>
</testsuite> <!-- test.CreateUserTest -->
