<?xml version="1.0" encoding="UTF-8"?>
<!-- Generated by org.testng.reporters.JUnitReportReporter -->
<testsuite hostname="Swetha" failures="0" tests="1" name="test.DemoTest" time="58.499" errors="0" timestamp="2023-04-03T21:20:44 IST" skipped="0">
  <testcase classname="test.DemoTest" name="testCase1" time="58.499"/>
  <system-out/>
</testsuite> <!-- test.DemoTest -->
